# JRE version: 7.0_17-b02
# Java VM: Java HotSpot(TM) Server VM (23.7-b01 mixed mode linux-x86 )
Heap
 PSYoungGen      total 75776K, used 1626K [0xdf7a0000, 0xe5850000, 0xf3640000)
  eden space 75008K, 2% used [0xdf7a0000,0xdf936a98,0xe40e0000)
  from space 768K, 0% used [0xe5790000,0xe5790000,0xe5850000)
  to   space 7424K, 0% used [0xe49d0000,0xe49d0000,0xe5110000)
 ParOldGen       total 40832K, used 13698K [0xb7a40000, 0xba220000, 0xdf7a0000)
  object space 40832K, 33% used [0xb7a40000,0xb87a0bf8,0xba220000)
 PSPermGen       total 17920K, used 11321K [0xb3a40000, 0xb4bc0000, 0xb7a40000)
  object space 17920K, 63% used [0xb3a40000,0xb454e468,0xb4bc0000)
GC Heap History (10 events):
Event: 9.124 GC heap before
{Heap before GC invocations=10 (full 1):
 PSYoungGen      total 56640K, used 51045K [0xdf7a0000, 0xe3720000, 0xf3640000)
  eden space 48896K, 100% used [0xdf7a0000,0xe2760000,0xe2760000)
  from space 7744K, 27% used [0xe2f90000,0xe31a9570,0xe3720000)
  to   space 8064K, 0% used [0xe2760000,0xe2760000,0xe2f40000)
 ParOldGen       total 40832K, used 15261K [0xb7a40000, 0xba220000, 0xdf7a0000)
  object space 40832K, 37% used [0xb7a40000,0xb8927788,0xba220000)
 PSPermGen       total 16384K, used 11151K [0xb3a40000, 0xb4a40000, 0xb7a40000)
  object space 16384K, 68% used [0xb3a40000,0xb4523eb0,0xb4a40000)
Event: 9.127 GC heap after
Heap after GC invocations=10 (full 1):
 PSYoungGen      total 56960K, used 2443K [0xdf7a0000, 0xe6640000, 0xf3640000)
  eden space 48896K, 0% used [0xdf7a0000,0xdf7a0000,0xe2760000)
  from space 8064K, 30% used [0xe2760000,0xe29c2f50,0xe2f40000)
  to   space 7744K, 0% used [0xe5eb0000,0xe5eb0000,0xe6640000)
 ParOldGen       total 40832K, used 15330K [0xb7a40000, 0xba220000, 0xdf7a0000)
  object space 40832K, 37% used [0xb7a40000,0xb8938950,0xba220000)
 PSPermGen       total 16384K, used 11151K [0xb3a40000, 0xb4a40000, 0xb7a40000)
  object space 16384K, 68% used [0xb3a40000,0xb4523eb0,0xb4a40000)
}
Event: 39.459 GC heap before
{Heap before GC invocations=11 (full 1):
 PSYoungGen      total 56960K, used 51339K [0xdf7a0000, 0xe6640000, 0xf3640000)
  eden space 48896K, 100% used [0xdf7a0000,0xe2760000,0xe2760000)
  from space 8064K, 30% used [0xe2760000,0xe29c2f50,0xe2f40000)
  to   space 7744K, 0% used [0xe5eb0000,0xe5eb0000,0xe6640000)
 ParOldGen       total 40832K, used 15330K [0xb7a40000, 0xba220000, 0xdf7a0000)
  object space 40832K, 37% used [0xb7a40000,0xb8938950,0xba220000)
 PSPermGen       total 16384K, used 11262K [0xb3a40000, 0xb4a40000, 0xb7a40000)
  object space 16384K, 68% used [0xb3a40000,0xb453f9f8,0xb4a40000)
Event: 39.471 GC heap after
Heap after GC invocations=11 (full 1):
 PSYoungGen      total 82560K, used 4267K [0xdf7a0000, 0xe62e0000, 0xf3640000)
  eden space 78272K, 0% used [0xdf7a0000,0xdf7a0000,0xe4410000)
  from space 4288K, 99% used [0xe5eb0000,0xe62dade8,0xe62e0000)
  to   space 7680K, 0% used [0xe53e0000,0xe53e0000,0xe5b60000)
 ParOldGen       total 40832K, used 15872K [0xb7a40000, 0xba220000, 0xdf7a0000)
  object space 40832K, 38% used [0xb7a40000,0xb89c03e0,0xba220000)
 PSPermGen       total 16384K, used 11262K [0xb3a40000, 0xb4a40000, 0xb7a40000)
  object space 16384K, 68% used [0xb3a40000,0xb453f9f8,0xb4a40000)
}
Event: 453.800 GC heap before
{Heap before GC invocations=12 (full 1):
 PSYoungGen      total 82560K, used 82539K [0xdf7a0000, 0xe62e0000, 0xf3640000)
  eden space 78272K, 100% used [0xdf7a0000,0xe4410000,0xe4410000)
  from space 4288K, 99% used [0xe5eb0000,0xe62dade8,0xe62e0000)
  to   space 7680K, 0% used [0xe53e0000,0xe53e0000,0xe5b60000)
 ParOldGen       total 40832K, used 15872K [0xb7a40000, 0xba220000, 0xdf7a0000)
  object space 40832K, 38% used [0xb7a40000,0xb89c03e0,0xba220000)
 PSPermGen       total 16384K, used 11277K [0xb3a40000, 0xb4a40000, 0xb7a40000)
  object space 16384K, 68% used [0xb3a40000,0xb4543540,0xb4a40000)
Event: 453.812 GC heap after
Heap after GC invocations=12 (full 1):
 PSYoungGen      total 77632K, used 2615K [0xdf7a0000, 0xe5ec0000, 0xf3640000)
  eden space 75008K, 0% used [0xdf7a0000,0xdf7a0000,0xe40e0000)
  from space 2624K, 99% used [0xe53e0000,0xe566dcf0,0xe5670000)
  to   space 7360K, 0% used [0xe5790000,0xe5790000,0xe5ec0000)
 ParOldGen       total 40832K, used 17285K [0xb7a40000, 0xba220000, 0xdf7a0000)
  object space 40832K, 42% used [0xb7a40000,0xb8b21528,0xba220000)
 PSPermGen       total 16384K, used 11277K [0xb3a40000, 0xb4a40000, 0xb7a40000)
  object space 16384K, 68% used [0xb3a40000,0xb4543540,0xb4a40000)
}
Event: 776.620 GC heap before
{Heap before GC invocations=13 (full 1):
 PSYoungGen      total 77632K, used 61607K [0xdf7a0000, 0xe5ec0000, 0xf3640000)
  eden space 75008K, 78% used [0xdf7a0000,0xe313c0a0,0xe40e0000)
  from space 2624K, 99% used [0xe53e0000,0xe566dcf0,0xe5670000)
  to   space 7360K, 0% used [0xe5790000,0xe5790000,0xe5ec0000)
 ParOldGen       total 40832K, used 17285K [0xb7a40000, 0xba220000, 0xdf7a0000)
  object space 40832K, 42% used [0xb7a40000,0xb8b21528,0xba220000)
 PSPermGen       total 16384K, used 11316K [0xb3a40000, 0xb4a40000, 0xb7a40000)
  object space 16384K, 69% used [0xb3a40000,0xb454d010,0xb4a40000)
Event: 776.631 GC heap after
Heap after GC invocations=13 (full 1):
 PSYoungGen      total 75776K, used 744K [0xdf7a0000, 0xe5850000, 0xf3640000)
  eden space 75008K, 0% used [0xdf7a0000,0xdf7a0000,0xe40e0000)
  from space 768K, 96% used [0xe5790000,0xe584a020,0xe5850000)
  to   space 7424K, 0% used [0xe49d0000,0xe49d0000,0xe5110000)
 ParOldGen       total 40832K, used 19681K [0xb7a40000, 0xba220000, 0xdf7a0000)
  object space 40832K, 48% used [0xb7a40000,0xb8d78578,0xba220000)
 PSPermGen       total 16384K, used 11316K [0xb3a40000, 0xb4a40000, 0xb7a40000)
  object space 16384K, 69% used [0xb3a40000,0xb454d010,0xb4a40000)
}
Event: 776.631 GC heap before
{Heap before GC invocations=14 (full 2):
 PSYoungGen      total 75776K, used 744K [0xdf7a0000, 0xe5850000, 0xf3640000)
  eden space 75008K, 0% used [0xdf7a0000,0xdf7a0000,0xe40e0000)
  from space 768K, 96% used [0xe5790000,0xe584a020,0xe5850000)
  to   space 7424K, 0% used [0xe49d0000,0xe49d0000,0xe5110000)
 ParOldGen       total 40832K, used 19681K [0xb7a40000, 0xba220000, 0xdf7a0000)
  object space 40832K, 48% used [0xb7a40000,0xb8d78578,0xba220000)
 PSPermGen       total 16384K, used 11316K [0xb3a40000, 0xb4a40000, 0xb7a40000)
  object space 16384K, 69% used [0xb3a40000,0xb454d010,0xb4a40000)
Event: 776.736 GC heap after
Heap after GC invocations=14 (full 2):
 PSYoungGen      total 75776K, used 0K [0xdf7a0000, 0xe5850000, 0xf3640000)
  eden space 75008K, 0% used [0xdf7a0000,0xdf7a0000,0xe40e0000)
  from space 768K, 0% used [0xe5790000,0xe5790000,0xe5850000)
  to   space 7424K, 0% used [0xe49d0000,0xe49d0000,0xe5110000)
 ParOldGen       total 40832K, used 13698K [0xb7a40000, 0xba220000, 0xdf7a0000)
  object space 40832K, 33% used [0xb7a40000,0xb87a0bf8,0xba220000)
 PSPermGen       total 17920K, used 11313K [0xb3a40000, 0xb4bc0000, 0xb7a40000)
  object space 17920K, 63% used [0xb3a40000,0xb454c478,0xb4bc0000)
}

